<?xml version="1.0" encoding="UTF-8"?>
<testsuite name="com.example.querydsl.QuerydslApplicationTests" tests="1" skipped="0" failures="0" errors="0" timestamp="2021-07-02T18:47:52" hostname="JungJunWooui-MacBookPro.local" time="0.371">
  <properties/>
  <testcase name="search()" classname="com.example.querydsl.QuerydslApplicationTests" time="0.371"/>
  <system-out><![CDATA[03:47:47.797 [Test worker] DEBUG org.springframework.test.context.BootstrapUtils - Instantiating CacheAwareContextLoaderDelegate from class [org.springframework.test.context.cache.DefaultCacheAwareContextLoaderDelegate]
03:47:47.807 [Test worker] DEBUG org.springframework.test.context.BootstrapUtils - Instantiating BootstrapContext using constructor [public org.springframework.test.context.support.DefaultBootstrapContext(java.lang.Class,org.springframework.test.context.CacheAwareContextLoaderDelegate)]
03:47:47.836 [Test worker] DEBUG org.springframework.test.context.BootstrapUtils - Instantiating TestContextBootstrapper for test class [com.example.querydsl.QuerydslApplicationTests] from class [org.springframework.boot.test.context.SpringBootTestContextBootstrapper]
03:47:47.846 [Test worker] INFO org.springframework.boot.test.context.SpringBootTestContextBootstrapper - Neither @ContextConfiguration nor @ContextHierarchy found for test class [com.example.querydsl.QuerydslApplicationTests], using SpringBootContextLoader
03:47:47.850 [Test worker] DEBUG org.springframework.test.context.support.AbstractContextLoader - Did not detect default resource location for test class [com.example.querydsl.QuerydslApplicationTests]: class path resource [com/example/querydsl/QuerydslApplicationTests-context.xml] does not exist
03:47:47.850 [Test worker] DEBUG org.springframework.test.context.support.AbstractContextLoader - Did not detect default resource location for test class [com.example.querydsl.QuerydslApplicationTests]: class path resource [com/example/querydsl/QuerydslApplicationTestsContext.groovy] does not exist
03:47:47.850 [Test worker] INFO org.springframework.test.context.support.AbstractContextLoader - Could not detect default resource locations for test class [com.example.querydsl.QuerydslApplicationTests]: no resource found for suffixes {-context.xml, Context.groovy}.
03:47:47.851 [Test worker] INFO org.springframework.test.context.support.AnnotationConfigContextLoaderUtils - Could not detect default configuration classes for test class [com.example.querydsl.QuerydslApplicationTests]: QuerydslApplicationTests does not declare any static, non-private, non-final, nested classes annotated with @Configuration.
03:47:47.889 [Test worker] DEBUG org.springframework.test.context.support.ActiveProfilesUtils - Could not find an 'annotation declaring class' for annotation type [org.springframework.test.context.ActiveProfiles] and class [com.example.querydsl.QuerydslApplicationTests]
03:47:47.954 [Test worker] DEBUG org.springframework.context.annotation.ClassPathScanningCandidateComponentProvider - Identified candidate component class: file [/Users/jungjunwoo/Jun/Spring/Querydsl/build/classes/java/main/com/example/querydsl/QuerydslApplication.class]
03:47:47.957 [Test worker] INFO org.springframework.boot.test.context.SpringBootTestContextBootstrapper - Found @SpringBootConfiguration com.example.querydsl.QuerydslApplication for test class com.example.querydsl.QuerydslApplicationTests
03:47:48.058 [Test worker] DEBUG org.springframework.boot.test.context.SpringBootTestContextBootstrapper - @TestExecutionListeners is not present for class [com.example.querydsl.QuerydslApplicationTests]: using defaults.
03:47:48.059 [Test worker] INFO org.springframework.boot.test.context.SpringBootTestContextBootstrapper - Loaded default TestExecutionListener class names from location [META-INF/spring.factories]: [org.springframework.boot.test.autoconfigure.restdocs.RestDocsTestExecutionListener, org.springframework.boot.test.autoconfigure.web.client.MockRestServiceServerResetTestExecutionListener, org.springframework.boot.test.autoconfigure.web.servlet.MockMvcPrintOnlyOnFailureTestExecutionListener, org.springframework.boot.test.autoconfigure.web.servlet.WebDriverTestExecutionListener, org.springframework.boot.test.autoconfigure.webservices.client.MockWebServiceServerTestExecutionListener, org.springframework.boot.test.mock.mockito.MockitoTestExecutionListener, org.springframework.boot.test.mock.mockito.ResetMocksTestExecutionListener, org.springframework.test.context.web.ServletTestExecutionListener, org.springframework.test.context.support.DirtiesContextBeforeModesTestExecutionListener, org.springframework.test.context.event.ApplicationEventsTestExecutionListener, org.springframework.test.context.support.DependencyInjectionTestExecutionListener, org.springframework.test.context.support.DirtiesContextTestExecutionListener, org.springframework.test.context.transaction.TransactionalTestExecutionListener, org.springframework.test.context.jdbc.SqlScriptsTestExecutionListener, org.springframework.test.context.event.EventPublishingTestExecutionListener]
03:47:48.087 [Test worker] INFO org.springframework.boot.test.context.SpringBootTestContextBootstrapper - Using TestExecutionListeners: [org.springframework.test.context.web.ServletTestExecutionListener@5ad77be8, org.springframework.test.context.support.DirtiesContextBeforeModesTestExecutionListener@eb37bcb, org.springframework.test.context.event.ApplicationEventsTestExecutionListener@7c4a1d23, org.springframework.boot.test.mock.mockito.MockitoTestExecutionListener@73e525d8, org.springframework.boot.test.autoconfigure.SpringBootDependencyInjectionTestExecutionListener@128c1877, org.springframework.test.context.support.DirtiesContextTestExecutionListener@7f454ce, org.springframework.test.context.transaction.TransactionalTestExecutionListener@2bfbf216, org.springframework.test.context.jdbc.SqlScriptsTestExecutionListener@716ac954, org.springframework.test.context.event.EventPublishingTestExecutionListener@35738ae, org.springframework.boot.test.autoconfigure.restdocs.RestDocsTestExecutionListener@26a05e2e, org.springframework.boot.test.autoconfigure.web.client.MockRestServiceServerResetTestExecutionListener@52bf73ae, org.springframework.boot.test.autoconfigure.web.servlet.MockMvcPrintOnlyOnFailureTestExecutionListener@753830c4, org.springframework.boot.test.autoconfigure.web.servlet.WebDriverTestExecutionListener@4f90f485, org.springframework.boot.test.autoconfigure.webservices.client.MockWebServiceServerTestExecutionListener@6be59277, org.springframework.boot.test.mock.mockito.ResetMocksTestExecutionListener@426eaea6]
03:47:48.089 [Test worker] DEBUG org.springframework.test.context.support.AbstractDirtiesContextTestExecutionListener - Before test class: context [DefaultTestContext@1898a98 testClass = QuerydslApplicationTests, testInstance = [null], testMethod = [null], testException = [null], mergedContextConfiguration = [WebMergedContextConfiguration@78425552 testClass = QuerydslApplicationTests, locations = '{}', classes = '{class com.example.querydsl.QuerydslApplication}', contextInitializerClasses = '[]', activeProfiles = '{}', propertySourceLocations = '{}', propertySourceProperties = '{org.springframework.boot.test.context.SpringBootTestContextBootstrapper=true}', contextCustomizers = set[org.springframework.boot.test.autoconfigure.actuate.metrics.MetricsExportContextCustomizerFactory$DisableMetricExportContextCustomizer@7f12defa, org.springframework.boot.test.autoconfigure.properties.PropertyMappingContextCustomizer@0, org.springframework.boot.test.autoconfigure.web.servlet.WebDriverContextCustomizerFactory$Customizer@679b8327, org.springframework.boot.test.context.filter.ExcludeFilterContextCustomizer@21ed428e, org.springframework.boot.test.json.DuplicateJsonObjectContextCustomizerFactory$DuplicateJsonObjectContextCustomizer@1bd215ba, org.springframework.boot.test.mock.mockito.MockitoContextCustomizer@0, org.springframework.boot.test.web.client.TestRestTemplateContextCustomizer@491f20c3, org.springframework.boot.test.context.SpringBootTestArgs@1, org.springframework.boot.test.context.SpringBootTestWebEnvironment@1bef6808], resourceBasePath = 'src/main/webapp', contextLoader = 'org.springframework.boot.test.context.SpringBootContextLoader', parent = [null]], attributes = map['org.springframework.test.context.web.ServletTestExecutionListener.activateListener' -> true]], class annotated with @DirtiesContext [false] with mode [null].
03:47:48.116 [Test worker] DEBUG org.springframework.test.context.support.TestPropertySourceUtils - Adding inlined properties to environment: {spring.jmx.enabled=false, org.springframework.boot.test.context.SpringBootTestContextBootstrapper=true}

  .   ____          _            __ _ _
 /\\ / ___'_ __ _ _(_)_ __  __ _ \ \ \ \
( ( )\___ | '_ | '_| | '_ \/ _` | \ \ \ \
 \\/  ___)| |_)| | | | | || (_| |  ) ) ) )
  '  |____| .__|_| |_|_| |_\__, | / / / /
 =========|_|==============|___/=/_/_/_/
 :: Spring Boot ::                (v2.5.2)

2021-07-03 03:47:48.398  INFO 26507 --- [    Test worker] c.e.querydsl.QuerydslApplicationTests    : Starting QuerydslApplicationTests using Java 11.0.9 on JungJunWooui-MacBookPro.local with PID 26507 (started by jungjunwoo in /Users/jungjunwoo/Jun/Spring/Querydsl)
2021-07-03 03:47:48.400  INFO 26507 --- [    Test worker] c.e.querydsl.QuerydslApplicationTests    : The following profiles are active: local
2021-07-03 03:47:49.073  INFO 26507 --- [    Test worker] .s.d.r.c.RepositoryConfigurationDelegate : Bootstrapping Spring Data JPA repositories in DEFAULT mode.
2021-07-03 03:47:49.128  INFO 26507 --- [    Test worker] .s.d.r.c.RepositoryConfigurationDelegate : Finished Spring Data repository scanning in 48 ms. Found 1 JPA repository interfaces.
2021-07-03 03:47:49.741  INFO 26507 --- [    Test worker] o.hibernate.jpa.internal.util.LogHelper  : HHH000204: Processing PersistenceUnitInfo [name: default]
2021-07-03 03:47:49.805  INFO 26507 --- [    Test worker] org.hibernate.Version                    : HHH000412: Hibernate ORM core version 5.4.32.Final
2021-07-03 03:47:49.949  INFO 26507 --- [    Test worker] o.hibernate.annotations.common.Version   : HCANN000001: Hibernate Commons Annotations {5.1.2.Final}
2021-07-03 03:47:50.140  INFO 26507 --- [    Test worker] com.zaxxer.hikari.HikariDataSource       : HikariPool-1 - Starting...
2021-07-03 03:47:50.268  INFO 26507 --- [    Test worker] com.zaxxer.hikari.HikariDataSource       : HikariPool-1 - Start completed.
2021-07-03 03:47:50.314  INFO 26507 --- [    Test worker] org.hibernate.dialect.Dialect            : HHH000400: Using dialect: org.hibernate.dialect.MariaDB103Dialect
2021-07-03 03:47:51.077  INFO 26507 --- [    Test worker] o.h.e.t.j.p.i.JtaPlatformInitiator       : HHH000490: Using JtaPlatform implementation: [org.hibernate.engine.transaction.jta.platform.internal.NoJtaPlatform]
2021-07-03 03:47:51.084  INFO 26507 --- [    Test worker] j.LocalContainerEntityManagerFactoryBean : Initialized JPA EntityManagerFactory for persistence unit 'default'
2021-07-03 03:47:51.793  WARN 26507 --- [    Test worker] JpaBaseConfiguration$JpaWebConfiguration : spring.jpa.open-in-view is enabled by default. Therefore, database queries may be performed during view rendering. Explicitly configure spring.jpa.open-in-view to disable this warning
2021-07-03 03:47:52.382  INFO 26507 --- [    Test worker] c.e.querydsl.QuerydslApplicationTests    : Started QuerydslApplicationTests in 4.259 seconds (JVM running for 5.41)
Hibernate: select member0_.member_id as member_i1_0_, member0_.age as age2_0_, member0_.height as height3_0_, member0_.team_id as team_id5_0_, member0_.username as username4_0_ from member member0_ where member0_.member_id=?
]]></system-out>
  <system-err><![CDATA[]]></system-err>
</testsuite>
